/*C2*/SET SCHEMA PUBLIC
drop table if exists authorities CASCADE 
drop table if exists authorities_app_users CASCADE 
drop table if exists benutzer CASCADE 
drop table if exists course CASCADE 
drop table if exists course_recipe CASCADE 
drop table if exists course_tag CASCADE 
drop table if exists coursetag CASCADE 
drop table if exists ingredient CASCADE 
drop table if exists recipe CASCADE 
drop table if exists recipe_ingredient CASCADE 
drop table if exists recipe_tag CASCADE 
drop table if exists recipetag CASCADE 
drop table if exists user_course CASCADE 
drop sequence authorities_sequence if exists
drop sequence course_sequence if exists
drop sequence ingredient_sequence if exists
drop sequence recipe_sequence if exists
drop sequence tag_sequence if exists
drop sequence user_sequence if exists
create sequence authorities_sequence start with 1 increment by 1
create sequence course_sequence start with 1 increment by 1
create sequence ingredient_sequence start with 1 increment by 1
create sequence recipe_sequence start with 1 increment by 1
create sequence tag_sequence start with 1 increment by 1
create sequence user_sequence start with 1 increment by 1
create table authorities (id bigint not null, authority varchar(255), primary key (id))
create table authorities_app_users (authority_id bigint not null, app_user_id bigint not null, primary key (authority_id, app_user_id))
create table benutzer (user_id bigint not null, address varchar(255), email varchar(255), finished_courses bigint, firstname varchar(255), is_admin boolean not null, lastname varchar(255), mobile varchar(255), password varchar(255), username varchar(255), primary key (user_id))
create table course (course_id bigint not null, course_title varchar(255), description varchar(255), max_attendants integer not null, price integer not null, start_date timestamp, teacher varchar(255), primary key (course_id))
create table course_recipe (course_id bigint not null, recipe_id bigint not null, primary key (course_id, recipe_id))
create table course_tag (course_id bigint not null, course_tag_id bigint not null, primary key (course_id, course_tag_id))
create table coursetag (course_tag_id bigint not null, course_tag_title varchar(255), primary key (course_tag_id))
create table ingredient (ingredient_id bigint not null, quantity integer not null, title varchar(255), unit varchar(255), primary key (ingredient_id))
create table recipe (recipe_id bigint not null, description varchar(255), difficulty integer not null, preparation integer not null, title varchar(255), primary key (recipe_id))
create table recipe_ingredient (recipe_id bigint not null, ingredient_id bigint not null, primary key (recipe_id, ingredient_id))
create table recipe_tag (recipe_id bigint not null, tag_id bigint not null, primary key (recipe_id, tag_id))
create table recipetag (tag_id bigint not null, title varchar(255), primary key (tag_id))
create table user_course (user_id bigint not null, course_id bigint not null, primary key (user_id, course_id))
alter table authorities_app_users add constraint FKpbjcoayhls5qyyc7kptf46mhh foreign key (app_user_id) references benutzer
alter table authorities_app_users add constraint FKhk2g9sg0sicao6rxlf6nww4gi foreign key (authority_id) references authorities
alter table course_recipe add constraint FKfylffpsua44wsau9g9vusk3c1 foreign key (recipe_id) references recipe
alter table course_recipe add constraint FKevhkr6as82kjt1eo1kyvqrnll foreign key (course_id) references course
alter table course_tag add constraint FK10d69c1fms84jhuxmttgcufq5 foreign key (course_tag_id) references coursetag
alter table course_tag add constraint FK3tta6lkm8fr0rgfyr4y3xrr3u foreign key (course_id) references course
alter table recipe_ingredient add constraint FK9b3oxoskt0chwqxge0cnlkc29 foreign key (ingredient_id) references ingredient
alter table recipe_ingredient add constraint FKgu1oxq7mbcgkx5dah6o8geirh foreign key (recipe_id) references recipe
alter table recipe_tag add constraint FK3p6lhtdgiie1y0ddhgh6i0isq foreign key (tag_id) references recipetag
alter table recipe_tag add constraint FKshildcupwo2vlv8sjyxjlpi8l foreign key (recipe_id) references recipe
alter table user_course add constraint FKka18m18kpimodvy8yg2icu083 foreign key (course_id) references course
alter table user_course add constraint FK98iw0dviy2ocqo44u5x46gwen foreign key (user_id) references benutzer
INSERT INTO COURSE VALUES(1,'Kurs 1','Beschreibung 1',10,100,'2023-11-20 14:30:00.000000','Lehrer 1')
ALTER SEQUENCE PUBLIC.COURSE_SEQUENCE RESTART WITH 2
COMMIT
INSERT INTO INGREDIENT VALUES(1,0,'Zutat 1','Einheit 1')
ALTER SEQUENCE PUBLIC.INGREDIENT_SEQUENCE RESTART WITH 2
COMMIT
INSERT INTO RECIPE VALUES(1,'Beschreibung 1',3,120,'Rezept 1')
INSERT INTO RECIPE_INGREDIENT VALUES(1,1)
ALTER SEQUENCE PUBLIC.RECIPE_SEQUENCE RESTART WITH 2
COMMIT
INSERT INTO BENUTZER VALUES(1,NULL,'Email 1',NULL,'admin 1',TRUE,'Nachname 1',NULL,'$2a$10$m9UYoVSX3wcfWXCpDP/QKOQSE95A6mapdRQKhDJwVXwkssLHLis4u','test')
ALTER SEQUENCE PUBLIC.USER_SEQUENCE RESTART WITH 2
COMMIT
INSERT INTO BENUTZER VALUES(2,'ahrh','k@k.com',NULL,'k',FALSE,'b','436456','$2a$10$5AxS.gXfB/gf74631OAT0ecl.s7uo8nfyfm31a8ojaPkYLOsJch0O','kathy')
ALTER SEQUENCE PUBLIC.USER_SEQUENCE RESTART WITH 3
COMMIT
/*C9*/SET SCHEMA PUBLIC
DISCONNECT
/*C6*/SET SCHEMA PUBLIC
DISCONNECT
/*C11*/SET SCHEMA PUBLIC
DISCONNECT
/*C8*/SET SCHEMA PUBLIC
DISCONNECT
/*C3*/SET SCHEMA PUBLIC
DISCONNECT
/*C7*/SET SCHEMA PUBLIC
DISCONNECT
/*C4*/SET SCHEMA PUBLIC
DISCONNECT
/*C10*/SET SCHEMA PUBLIC
DISCONNECT
/*C5*/SET SCHEMA PUBLIC
DISCONNECT
/*C2*/DISCONNECT
/*C14*/SET SCHEMA PUBLIC
DISCONNECT
/*C13*/SET SCHEMA PUBLIC
DISCONNECT
/*C15*/SET SCHEMA PUBLIC
DISCONNECT
/*C19*/SET SCHEMA PUBLIC
DISCONNECT
/*C18*/SET SCHEMA PUBLIC
DISCONNECT
/*C17*/SET SCHEMA PUBLIC
DISCONNECT
/*C16*/SET SCHEMA PUBLIC
DISCONNECT
/*C12*/SET SCHEMA PUBLIC
DISCONNECT
/*C21*/SET SCHEMA PUBLIC
DISCONNECT
/*C20*/SET SCHEMA PUBLIC
DISCONNECT
